<?xml version="1.0" encoding="UTF-8"?>
<!-- Generated by org.testng.reporters.JUnitXMLReporter -->
<testsuite hostname="DPSEDEBP161885" ignored="0" name="Test" tests="69" failures="5" timestamp="20 nov 2020 17:01:47 GMT" time="4117.605" errors="0">
  <testcase name="CriarNovoFinalizarAssinarJuntar" time="38.814" classname="prodesp.test.documentos.FinalizarJuntarTest"/>
  <testcase name="CriarAssinarDocumento" time="30.356" classname="prodesp.test.documentos.VerDocumentoCompletoTest"/>
  <testcase name="CriarNovoFinalizarAssinarJuntar" time="38.302" classname="prodesp.test.documentos.JuntarTest"/>
  <testcase name="CriarNovoAssinarApensar" time="31.532" classname="prodesp.test.documentos.ApensarTest"/>
  <testcase name="CriarNovoExcluir" time="19.629" classname="prodesp.test.documentos.CriarNovoExcluirTest"/>
  <testcase name="criarAssinarDocumentoCossignatario" time="44.869" classname="prodesp.test.documentos.IncluirCossignatarioTest"/>
  <testcase name="CriarAssinarDocumento" time="32.431" classname="prodesp.test.documentos.CancelarDesfazerCancelamentoTest"/>
  <testcase name="CriarNovoAssinarTramitar" time="33.067" classname="prodesp.test.documentos.AssinarTramitarTest"/>
  <testcase name="CriarNovoEditar" time="23.256" classname="prodesp.test.documentos.CriarNovoEditarTest"/>
  <testcase name="CriarNovoAssinarSobrestarDesfazerSobrestar" time="33.051" classname="prodesp.test.documentos.SobrestarDesfazerSobrestarTest"/>
  <testcase name="CriarNovoAssinarSobrestarDesobrestar" time="33.475" classname="prodesp.test.documentos.DesobrestarDesfazerDesobrestarTest"/>
  <testcase name="CriarNovoAssinarSobrestarDesobrestar" time="32.861" classname="prodesp.test.documentos.DesobrestarTest"/>
  <testcase name="CriarNovoVisualizar" time="16.291" classname="prodesp.test.documentos.CriarNovoVisualizarTest"/>
  <testcase name="CriarNovoFinalizarAssinar" time="32.167" classname="prodesp.test.documentos.FinalizarAssinarTest"/>
  <testcase name="CriarNovoAssinarCiencia" time="33.501" classname="prodesp.test.documentos.AssinarCienciaTest"/>
  <testcase name="CriarNovoDuplicar" time="16.531" classname="prodesp.test.documentos.CriarNovoDuplicarTest"/>
  <testcase name="CriarNovoAssinarArquivoCorrenteTest" time="36.924" classname="prodesp.test.documentos.ArquivoCorrenteTest">
    <failure type="org.openqa.selenium.TimeoutException" message="Expected condition failed: waiting for visibility of element located by By.id: arq-corrente (tried for 2 second(s) with 500 milliseconds interval)">
      <![CDATA[org.openqa.selenium.TimeoutException: Expected condition failed: waiting for visibility of element located by By.id: arq-corrente (tried for 2 second(s) with 500 milliseconds interval)
at org.openqa.selenium.support.ui.WebDriverWait.timeoutException(WebDriverWait.java:113)
at org.openqa.selenium.support.ui.FluentWait.until(FluentWait.java:283)
at prodesp.utils.CustomWebDriverWait.aguardar(CustomWebDriverWait.java:20)
at prodesp.utils.Funcionalidades.clicarBotao(Funcionalidades.java:93)
at prodesp.pages.documentos.FuncoesDocumentoPage.clicarBotaoArquivoCorrente(FuncoesDocumentoPage.java:110)
at prodesp.test.documentos.ArquivoCorrenteTest.CriarNovoAssinarArquivoCorrenteTest(ArquivoCorrenteTest.java:39)
Caused by: org.openqa.selenium.NoSuchElementException: Cannot locate an element using By.id: arq-corrente
For documentation on this error, please visit: http://seleniumhq.org/exceptions/no_such_element.html
Build info: version: '3.14.0', revision: 'aacccce0', time: '2018-08-02T20:19:58.91Z'
System info: host: 'DPSEDEBP161885', ip: '10.2.112.9', os.name: 'Windows 10', os.arch: 'amd64', os.version: '10.0', java.version: '1.8.0_202'
Driver info: driver.version: unknown
at org.openqa.selenium.support.ui.ExpectedConditions.lambda$findElement$0(ExpectedConditions.java:896)
at java.util.Optional.orElseThrow(Unknown Source)
at org.openqa.selenium.support.ui.ExpectedConditions.findElement(ExpectedConditions.java:895)
at org.openqa.selenium.support.ui.ExpectedConditions.access$000(ExpectedConditions.java:44)
at org.openqa.selenium.support.ui.ExpectedConditions$7.apply(ExpectedConditions.java:206)
at org.openqa.selenium.support.ui.ExpectedConditions$7.apply(ExpectedConditions.java:202)
at org.openqa.selenium.support.ui.FluentWait.until(FluentWait.java:260)
... 29 more
... Removed 25 stack frames]]>
    </failure>
  </testcase> <!-- CriarNovoAssinarArquivoCorrenteTest -->
  <testcase name="CriarNovoAssinar" time="30.213" classname="prodesp.test.documentos.GerarProtocoloTest"/>
  <testcase name="AssinarAdicionarVia" time="30.837" classname="prodesp.test.documentos.CriarViaCancelarViaTest"/>
  <testcase name="AssinarAdicionarVia" time="30.809" classname="prodesp.test.documentos.CriarViaTest"/>
  <testcase name="CriarNovoAssinarSobrestar" time="31.648" classname="prodesp.test.documentos.SobrestarTest"/>
  <testcase name="CriarAssinarDocumento" time="31.906" classname="prodesp.test.documentos.CancelarTest"/>
  <testcase name="CriarNovoAssinarHistorico" time="29.976" classname="prodesp.test.documentos.HistoricoTest"/>
  <testcase name="CriarNovoFinalizarAssinarJuntarDesfazerJuntada" time="43.294" classname="prodesp.test.documentos.JuntarDesfazerJuntadaTest"/>
  <testcase name="assinaExcluiCossignatario" time="19.581" classname="prodesp.test.documentos.ExcluirCossignatarioTest"/>
  <testcase name="CriarNovoAssinarArquivoCorrenteTest" time="32.413" classname="prodesp.test.documentos.AssinarArquivoCorrenteTest"/>
  <testcase name="criarNovoOutroUsuarioAssina" time="13.875" classname="prodesp.test.documentos.CriarNovoOutroUsuarioAssinaTest"/>
  <testcase name="CriarNovoFinalizar" time="27.42" classname="prodesp.test.documentos.FinalizarEditarTest"/>
  <testcase name="CriarNovoDuplicar" time="16.649" classname="prodesp.test.documentos.DuplicarTest"/>
  <testcase name="CriarNovoAssinar" time="32.956" classname="prodesp.test.documentos.AssinarReclassificarTest"/>
  <testcase name="CriarNovoAssinar" time="28.201" classname="prodesp.test.documentos.AssinarTest"/>
  <testcase name="CriarAssinarDefinirAcompanhamentoDocumento" time="32.878" classname="prodesp.test.documentos.DefinirAcompanhamentoTest"/>
  <testcase name="CriarNovoAssinarApensarDesapensar" time="38.354" classname="prodesp.test.documentos.ApensarDesapensarTest">
    <failure type="org.openqa.selenium.TimeoutException" message="Expected condition failed: waiting for visibility of element located by By.id: desapensar (tried for 2 second(s) with 500 milliseconds interval)">
      <![CDATA[org.openqa.selenium.TimeoutException: Expected condition failed: waiting for visibility of element located by By.id: desapensar (tried for 2 second(s) with 500 milliseconds interval)
at org.openqa.selenium.support.ui.WebDriverWait.timeoutException(WebDriverWait.java:113)
at org.openqa.selenium.support.ui.FluentWait.until(FluentWait.java:283)
at prodesp.utils.CustomWebDriverWait.aguardar(CustomWebDriverWait.java:20)
at prodesp.utils.Funcionalidades.clicarBotao(Funcionalidades.java:93)
at prodesp.pages.documentos.FuncoesDocumentoPage.clicarBotaoDesapensar(FuncoesDocumentoPage.java:188)
at prodesp.test.documentos.ApensarDesapensarTest.CriarNovoAssinarApensarDesapensar(ApensarDesapensarTest.java:47)
Caused by: org.openqa.selenium.NoSuchElementException: Cannot locate an element using By.id: desapensar
For documentation on this error, please visit: http://seleniumhq.org/exceptions/no_such_element.html
Build info: version: '3.14.0', revision: 'aacccce0', time: '2018-08-02T20:19:58.91Z'
System info: host: 'DPSEDEBP161885', ip: '10.2.112.9', os.name: 'Windows 10', os.arch: 'amd64', os.version: '10.0', java.version: '1.8.0_202'
Driver info: driver.version: unknown
at org.openqa.selenium.support.ui.ExpectedConditions.lambda$findElement$0(ExpectedConditions.java:896)
at java.util.Optional.orElseThrow(Unknown Source)
at org.openqa.selenium.support.ui.ExpectedConditions.findElement(ExpectedConditions.java:895)
at org.openqa.selenium.support.ui.ExpectedConditions.access$000(ExpectedConditions.java:44)
at org.openqa.selenium.support.ui.ExpectedConditions$7.apply(ExpectedConditions.java:206)
at org.openqa.selenium.support.ui.ExpectedConditions$7.apply(ExpectedConditions.java:202)
at org.openqa.selenium.support.ui.FluentWait.until(FluentWait.java:260)
... 29 more
... Removed 25 stack frames]]>
    </failure>
  </testcase> <!-- CriarNovoAssinarApensarDesapensar -->
  <testcase name="CriarNovoFinalizar" time="21.641" classname="prodesp.test.documentos.RefazerTest"/>
  <testcase name="CriarNovoAssinarIncluirDocumento" time="34.365" classname="prodesp.test.documentos.AssinarIncluirDocumentoTest"/>
  <testcase name="CriarNovoAssinarDefinirAcompanhamentoDesfazerDefinicaoAcompanhamento" time="34.752" classname="prodesp.test.documentos.DefinicaoDeAcompanhamentoDesfazerDefinicaoDeAcompanhamentoTest"/>
  <testcase name="CriarNovoFinalizar" time="20.189" classname="prodesp.test.documentos.FinalizarTest"/>
  <testcase name="CriarNovoFinalizar" time="21.283" classname="prodesp.test.documentos.FinalizarRefazerTest"/>
  <testcase name="CriarNovoFinalizarAnotar" time="22.391" classname="prodesp.test.documentos.AnotarTest"/>
  <testcase name="criarAssinarDocumentoFuncao" time="29.248" classname="prodesp.test.documentos.AssinarDocumentoPorFuncaoTest"/>
  <testcase name="CriarNovoAssinarIncluirDocumento" time="34.34" classname="prodesp.test.documentos.IncluirDocumentoTest"/>
  <testcase name="CriarNovoAssinarArquivamentoCorrenteDesarquivamentoCorrente" time="35.205" classname="prodesp.test.documentos.ArquivamentoCorrenteDesarquivamentoCorrenteTest">
    <failure type="org.openqa.selenium.TimeoutException" message="Expected condition failed: waiting for visibility of element located by By.id: desarquivamento-corrente (tried for 2 second(s) with 500 milliseconds interval)">
      <![CDATA[org.openqa.selenium.TimeoutException: Expected condition failed: waiting for visibility of element located by By.id: desarquivamento-corrente (tried for 2 second(s) with 500 milliseconds interval)
at org.openqa.selenium.support.ui.WebDriverWait.timeoutException(WebDriverWait.java:113)
at org.openqa.selenium.support.ui.FluentWait.until(FluentWait.java:283)
at prodesp.utils.CustomWebDriverWait.aguardar(CustomWebDriverWait.java:20)
at prodesp.utils.Funcionalidades.clicarBotao(Funcionalidades.java:93)
at prodesp.pages.documentos.FuncoesDocumentoPage.clicarBotaoDesarquivamentoCorrente(FuncoesDocumentoPage.java:130)
at prodesp.test.documentos.ArquivamentoCorrenteDesarquivamentoCorrenteTest.CriarNovoAssinarArquivamentoCorrenteDesarquivamentoCorrente(ArquivamentoCorrenteDesarquivamentoCorrenteTest.java:39)
Caused by: org.openqa.selenium.NoSuchElementException: Cannot locate an element using By.id: desarquivamento-corrente
For documentation on this error, please visit: http://seleniumhq.org/exceptions/no_such_element.html
Build info: version: '3.14.0', revision: 'aacccce0', time: '2018-08-02T20:19:58.91Z'
System info: host: 'DPSEDEBP161885', ip: '10.2.112.9', os.name: 'Windows 10', os.arch: 'amd64', os.version: '10.0', java.version: '1.8.0_202'
Driver info: driver.version: unknown
at org.openqa.selenium.support.ui.ExpectedConditions.lambda$findElement$0(ExpectedConditions.java:896)
at java.util.Optional.orElseThrow(Unknown Source)
at org.openqa.selenium.support.ui.ExpectedConditions.findElement(ExpectedConditions.java:895)
at org.openqa.selenium.support.ui.ExpectedConditions.access$000(ExpectedConditions.java:44)
at org.openqa.selenium.support.ui.ExpectedConditions$7.apply(ExpectedConditions.java:206)
at org.openqa.selenium.support.ui.ExpectedConditions$7.apply(ExpectedConditions.java:202)
at org.openqa.selenium.support.ui.FluentWait.until(FluentWait.java:260)
... 29 more
... Removed 25 stack frames]]>
    </failure>
  </testcase> <!-- CriarNovoAssinarArquivamentoCorrenteDesarquivamentoCorrente -->
  <testcase name="criarAssinarComoSubstituto" time="27.281" classname="prodesp.test.documentos.AssinarComoSubstitutoTest"/>
  <testcase name="CriarNovoAssinarGerarProtocolo" time="29.788" classname="prodesp.test.documentos.AssinarGerarProtocoloTest"/>
  <testcase name="CriarNovoDefinirMarcador" time="17.438" classname="prodesp.test.documentos.CriarNovoDefinirMarcadorTest"/>
  <testcase name="CriarNovoVisualizar" time="16.044" classname="prodesp.test.documentos.VisualizarTest"/>
  <testcase name="CriarNovoAssinar" time="32.923" classname="prodesp.test.documentos.ReclassificarTest"/>
  <testcase name="CriarNovoAssinar" time="33.159" classname="prodesp.test.documentos.ReclassificarDesfazerReclassificacaoTest"/>
  <testcase name="CriarNovoFinalizarAssinarJuntarDesentranhar" time="42.265" classname="prodesp.test.documentos.JuntarDesentranharTest"/>
  <testcase name="CriarNovoAssinarEmLote" time="33.462" classname="prodesp.test.documentos.AssinarEmLoteTest">
    <failure type="org.openqa.selenium.NoSuchElementException" message="no such element: Unable to locate element: {&amp;quot;method&amp;quot;:&amp;quot;xpath&amp;quot;,&amp;quot;selector&amp;quot;:&amp;quot;//input[@name=&amp;quot;checkall&amp;quot;]&amp;quot;}
  (Session info: chrome=86.0.4240.198)
For documentation on this error, please visit: http://seleniumhq.org/exceptions/no_such_element.html
Build info: version: &amp;apos;3.14.0&amp;apos;, revision: &amp;apos;aacccce0&amp;apos;, time: &amp;apos;2018-08-02T20:19:58.91Z&amp;apos;
System info: host: &amp;apos;DPSEDEBP161885&amp;apos;, ip: &amp;apos;10.2.112.9&amp;apos;, os.name: &amp;apos;Windows 10&amp;apos;, os.arch: &amp;apos;amd64&amp;apos;, os.version: &amp;apos;10.0&amp;apos;, java.version: &amp;apos;1.8.0_202&amp;apos;
Driver info: org.openqa.selenium.chrome.ChromeDriver
Capabilities {acceptInsecureCerts: false, browserName: chrome, browserVersion: 86.0.4240.198, chrome: {chromedriverVersion: 85.0.4183.87 (cd6713ebf92fa..., userDataDir: C:\Users\156802\AppData\Loc...}, goog:chromeOptions: {debuggerAddress: localhost:53580}, javascriptEnabled: true, networkConnectionEnabled: false, pageLoadStrategy: normal, platform: WINDOWS, platformName: WINDOWS, proxy: Proxy(), setWindowRect: true, strictFileInteractability: false, timeouts: {implicit: 0, pageLoad: 300000, script: 30000}, unhandledPromptBehavior: dismiss and notify, webauthn:virtualAuthenticators: true}
Session ID: c2a070ef3d2a22527c65bb33ae614cbb
*** Element info: {Using=xpath, value=//input[@name=&amp;quot;checkall&amp;quot;]}">
      <![CDATA[org.openqa.selenium.NoSuchElementException: no such element: Unable to locate element: {"method":"xpath","selector":"//input[@name="checkall"]"}
  (Session info: chrome=86.0.4240.198)
For documentation on this error, please visit: http://seleniumhq.org/exceptions/no_such_element.html
Build info: version: '3.14.0', revision: 'aacccce0', time: '2018-08-02T20:19:58.91Z'
System info: host: 'DPSEDEBP161885', ip: '10.2.112.9', os.name: 'Windows 10', os.arch: 'amd64', os.version: '10.0', java.version: '1.8.0_202'
Driver info: org.openqa.selenium.chrome.ChromeDriver
Capabilities {acceptInsecureCerts: false, browserName: chrome, browserVersion: 86.0.4240.198, chrome: {chromedriverVersion: 85.0.4183.87 (cd6713ebf92fa..., userDataDir: C:\Users\156802\AppData\Loc...}, goog:chromeOptions: {debuggerAddress: localhost:53580}, javascriptEnabled: true, networkConnectionEnabled: false, pageLoadStrategy: normal, platform: WINDOWS, platformName: WINDOWS, proxy: Proxy(), setWindowRect: true, strictFileInteractability: false, timeouts: {implicit: 0, pageLoad: 300000, script: 30000}, unhandledPromptBehavior: dismiss and notify, webauthn:virtualAuthenticators: true}
Session ID: c2a070ef3d2a22527c65bb33ae614cbb
*** Element info: {Using=xpath, value=//input[@name="checkall"]}
at org.openqa.selenium.remote.http.W3CHttpResponseCodec.createException(W3CHttpResponseCodec.java:187)
at org.openqa.selenium.remote.http.W3CHttpResponseCodec.decode(W3CHttpResponseCodec.java:122)
at org.openqa.selenium.remote.http.W3CHttpResponseCodec.decode(W3CHttpResponseCodec.java:49)
at org.openqa.selenium.remote.HttpCommandExecutor.execute(HttpCommandExecutor.java:158)
at org.openqa.selenium.remote.service.DriverCommandExecutor.execute(DriverCommandExecutor.java:83)
at org.openqa.selenium.remote.RemoteWebDriver.execute(RemoteWebDriver.java:548)
at org.openqa.selenium.remote.RemoteWebDriver.findElement(RemoteWebDriver.java:322)
at org.openqa.selenium.remote.RemoteWebDriver.findElementByXPath(RemoteWebDriver.java:424)
at org.openqa.selenium.By$ByXPath.findElement(By.java:353)
at org.openqa.selenium.remote.RemoteWebDriver.findElement(RemoteWebDriver.java:314)
at prodesp.utils.Funcionalidades.clicarCheck(Funcionalidades.java:100)
at prodesp.pages.documentos.AssinarDocumentosEmLotePage.checkboxAssinaTodos(AssinarDocumentosEmLotePage.java:11)
at prodesp.test.documentos.AssinarEmLoteTest.CriarNovoAssinarEmLote(AssinarEmLoteTest.java:42)
... Removed 29 stack frames]]>
    </failure>
  </testcase> <!-- CriarNovoAssinarEmLote -->
  <testcase name="criarAssinarAssinarComoSubstituto" time="26.808" classname="prodesp.test.documentos.AssinarComoSubstitutoFinalizarTest"/>
  <testcase name="CriarNovoAssinarIncluirDocumentoAssinar" time="47.18" classname="prodesp.test.documentos.IncluirDocumentoAssinarTest"/>
  <testcase name="criarAssinarComoSubstituto" time="26.152" classname="prodesp.test.documentos.AssinarAssinarComoSubstitutoTest"/>
  <testcase name="CriarNovoAssinarHistorico" time="29.845" classname="prodesp.test.documentos.AssinarHistoricoTest"/>
  <testcase name="CriarNovoDefinirMarcador" time="18.742" classname="prodesp.test.documentos.DefinirMarcadorTest"/>
  <testcase name="CriarNovoAssinarArquivamentoCorrenteDesfazerArquivamentoCorrente" time="30.625" classname="prodesp.test.documentos.ArquivamentoCorrenteDesfazerArquivamentoCorrenteTest"/>
  <testcase name="CriarNovoFinalizarAnotar" time="22.001" classname="prodesp.test.documentos.FinalizarAnotarTest"/>
  <testcase name="CriarNovoFinalizar" time="20.332" classname="prodesp.test.documentos.CriarNovoFinalizarTest"/>
  <testcase name="CriarNovoAssinarDefinirAcompanhamentoDocumento" time="32.193" classname="prodesp.test.documentos.AssinarDefinirAcompanhamentoTest"/>
  <testcase name="criarAssinarDocumentoOutroUsuario" time="26.358" classname="prodesp.test.documentos.AssinarDocumentoSubstitutoTest"/>
  <testcase name="CriarNovoAssinar" time="28.334" classname="prodesp.test.documentos.CriarNovoAssinarTest"/>
  <testcase name="CriarAssinarDocumento" time="33.574" classname="prodesp.test.documentos.TramitarDesfazerTramitacaoTest">
    <failure type="org.openqa.selenium.TimeoutException" message="Expected condition failed: waiting for visibility of element located by By.id: tramitar (tried for 2 second(s) with 500 milliseconds interval)">
      <![CDATA[org.openqa.selenium.TimeoutException: Expected condition failed: waiting for visibility of element located by By.id: tramitar (tried for 2 second(s) with 500 milliseconds interval)
at org.openqa.selenium.support.ui.WebDriverWait.timeoutException(WebDriverWait.java:113)
at org.openqa.selenium.support.ui.FluentWait.until(FluentWait.java:283)
at prodesp.utils.CustomWebDriverWait.aguardar(CustomWebDriverWait.java:20)
at prodesp.utils.Funcionalidades.clicarBotao(Funcionalidades.java:93)
at prodesp.pages.documentos.FuncoesDocumentoPage.clicarBotaoTramitar(FuncoesDocumentoPage.java:100)
at prodesp.test.documentos.TramitarDesfazerTramitacaoTest.CriarAssinarDocumento(TramitarDesfazerTramitacaoTest.java:40)
Caused by: org.openqa.selenium.NoSuchElementException: Cannot locate an element using By.id: tramitar
For documentation on this error, please visit: http://seleniumhq.org/exceptions/no_such_element.html
Build info: version: '3.14.0', revision: 'aacccce0', time: '2018-08-02T20:19:58.91Z'
System info: host: 'DPSEDEBP161885', ip: '10.2.112.9', os.name: 'Windows 10', os.arch: 'amd64', os.version: '10.0', java.version: '1.8.0_202'
Driver info: driver.version: unknown
at org.openqa.selenium.support.ui.ExpectedConditions.lambda$findElement$0(ExpectedConditions.java:896)
at java.util.Optional.orElseThrow(Unknown Source)
at org.openqa.selenium.support.ui.ExpectedConditions.findElement(ExpectedConditions.java:895)
at org.openqa.selenium.support.ui.ExpectedConditions.access$000(ExpectedConditions.java:44)
at org.openqa.selenium.support.ui.ExpectedConditions$7.apply(ExpectedConditions.java:206)
at org.openqa.selenium.support.ui.ExpectedConditions$7.apply(ExpectedConditions.java:202)
at org.openqa.selenium.support.ui.FluentWait.until(FluentWait.java:260)
... 29 more
... Removed 25 stack frames]]>
    </failure>
  </testcase> <!-- CriarAssinarDocumento -->
  <testcase name="CriarNovoAssinarSobrestar" time="32.55" classname="prodesp.test.documentos.AssinarSobrestarTest"/>
  <testcase name="CriarNovo" time="17.332" classname="prodesp.test.documentos.CriarNovoHistoricoTest"/>
  <testcase name="CriarNovo" time="16.189" classname="prodesp.test.documentos.CriarNovoTest"/>
  <testcase name="CriarNovoAssinarTramitar" time="34.447" classname="prodesp.test.documentos.TramitarTest"/>
  <testcase name="CriarNovoAssinarCiencia" time="31.771" classname="prodesp.test.documentos.CienciaTest"/>
  <testcase name="AssinarCancelar" time="31.634" classname="prodesp.test.documentos.AssinarCancelarTest"/>
  <testcase name="CriarNovoAssinarSobrestarDesobrestar" time="33.06" classname="prodesp.test.documentos.SobrestarDesobrestarTest"/>
</testsuite> <!-- Test -->
