<?xml version="1.0" encoding="UTF-8"?>
<!-- Generated by org.testng.reporters.JUnitXMLReporter -->
<testsuite hostname="D-PROD-BP043912" ignored="0" name="Surefire test" tests="3" failures="1" timestamp="18 jun 2019 20:05:57 GMT" time="30.087" errors="0">
  <testcase name="@BeforeMethod abrirHome" time="11.326" classname="prodesp.test.comuns.BaseTest">
    <failure type="org.openqa.selenium.NoSuchElementException" message="no such element: Unable to locate element: {&amp;quot;method&amp;quot;:&amp;quot;xpath&amp;quot;,&amp;quot;selector&amp;quot;:&amp;quot;//button[@type=&amp;quot;submit&amp;quot;]&amp;quot;}
  (Session info: chrome=75.0.3770.90)
For documentation on this error, please visit: http://seleniumhq.org/exceptions/no_such_element.html
Build info: version: &amp;apos;3.14.0&amp;apos;, revision: &amp;apos;aacccce0&amp;apos;, time: &amp;apos;2018-08-02T20:19:58.91Z&amp;apos;
System info: host: &amp;apos;D-PROD-BP043912&amp;apos;, ip: &amp;apos;10.2.100.208&amp;apos;, os.name: &amp;apos;Windows 10&amp;apos;, os.arch: &amp;apos;amd64&amp;apos;, os.version: &amp;apos;10.0&amp;apos;, java.version: &amp;apos;1.8.0_172&amp;apos;
Driver info: org.openqa.selenium.chrome.ChromeDriver
Capabilities {acceptInsecureCerts: false, browserName: chrome, browserVersion: 75.0.3770.90, chrome: {chromedriverVersion: 75.0.3770.8 (681f24ea911fe7..., userDataDir: C:\Users\156802\AppData\Loc...}, goog:chromeOptions: {debuggerAddress: localhost:62954}, javascriptEnabled: true, networkConnectionEnabled: false, pageLoadStrategy: normal, platform: XP, platformName: XP, proxy: Proxy(), setWindowRect: true, strictFileInteractability: false, timeouts: {implicit: 0, pageLoad: 300000, script: 30000}, unhandledPromptBehavior: dismiss and notify}
Session ID: bfae3ec39752ed63e4c7fc1bcf3afe09
*** Element info: {Using=xpath, value=//button[@type=&amp;quot;submit&amp;quot;]}">
      <![CDATA[org.openqa.selenium.NoSuchElementException: no such element: Unable to locate element: {"method":"xpath","selector":"//button[@type="submit"]"}
  (Session info: chrome=75.0.3770.90)
For documentation on this error, please visit: http://seleniumhq.org/exceptions/no_such_element.html
Build info: version: '3.14.0', revision: 'aacccce0', time: '2018-08-02T20:19:58.91Z'
System info: host: 'D-PROD-BP043912', ip: '10.2.100.208', os.name: 'Windows 10', os.arch: 'amd64', os.version: '10.0', java.version: '1.8.0_172'
Driver info: org.openqa.selenium.chrome.ChromeDriver
Capabilities {acceptInsecureCerts: false, browserName: chrome, browserVersion: 75.0.3770.90, chrome: {chromedriverVersion: 75.0.3770.8 (681f24ea911fe7..., userDataDir: C:\Users\156802\AppData\Loc...}, goog:chromeOptions: {debuggerAddress: localhost:62954}, javascriptEnabled: true, networkConnectionEnabled: false, pageLoadStrategy: normal, platform: XP, platformName: XP, proxy: Proxy(), setWindowRect: true, strictFileInteractability: false, timeouts: {implicit: 0, pageLoad: 300000, script: 30000}, unhandledPromptBehavior: dismiss and notify}
Session ID: bfae3ec39752ed63e4c7fc1bcf3afe09
*** Element info: {Using=xpath, value=//button[@type="submit"]}
at org.openqa.selenium.remote.http.W3CHttpResponseCodec.createException(W3CHttpResponseCodec.java:187)
at org.openqa.selenium.remote.http.W3CHttpResponseCodec.decode(W3CHttpResponseCodec.java:122)
at org.openqa.selenium.remote.http.W3CHttpResponseCodec.decode(W3CHttpResponseCodec.java:49)
at org.openqa.selenium.remote.HttpCommandExecutor.execute(HttpCommandExecutor.java:158)
at org.openqa.selenium.remote.service.DriverCommandExecutor.execute(DriverCommandExecutor.java:83)
at org.openqa.selenium.remote.RemoteWebDriver.execute(RemoteWebDriver.java:548)
at org.openqa.selenium.remote.RemoteWebDriver.findElement(RemoteWebDriver.java:322)
at org.openqa.selenium.remote.RemoteWebDriver.findElementByXPath(RemoteWebDriver.java:424)
at org.openqa.selenium.By$ByXPath.findElement(By.java:353)
at org.openqa.selenium.remote.RemoteWebDriver.findElement(RemoteWebDriver.java:314)
at prodesp.utils.Funcionalidades.elementoExiste(Funcionalidades.java:44)
at prodesp.pages.acesso.LoginPage.verificaExistenciaBotaoAcessar(LoginPage.java:15)
at prodesp.pages.acesso.LoginPage.AbrirURLHome(LoginPage.java:26)
at prodesp.actions.acesso.LoginActions.AbrirURL(LoginActions.java:17)
at prodesp.test.comuns.BaseTest.abrirHome(BaseTest.java:27)
... Removed 37 stack frames]]>
    </failure>
  </testcase> <!-- @BeforeMethod abrirHome -->
  <testcase name="@AfterClass finalizarTeste" time="0.0" classname="prodesp.test.comuns.BaseTest">
    <skipped/>
  </testcase> <!-- @AfterClass finalizarTeste -->
  <testcase name="login" time="0.0" classname="prodesp.test.acesso.LoginTest">
    <skipped/>
  </testcase> <!-- login -->
  <testcase name="pesquisasNaoOk" time="11.367" classname="prodesp.test.pesquisa.PesquisasNaoOkTest">
    <failure type="org.openqa.selenium.NoSuchElementException" message="no such element: Unable to locate element: {&amp;quot;method&amp;quot;:&amp;quot;xpath&amp;quot;,&amp;quot;selector&amp;quot;:&amp;quot;//*[@id=&amp;quot;app&amp;quot;]/div[1]/div[3]/a/text()&amp;quot;}
  (Session info: chrome=75.0.3770.90)
For documentation on this error, please visit: http://seleniumhq.org/exceptions/no_such_element.html
Build info: version: &amp;apos;3.14.0&amp;apos;, revision: &amp;apos;aacccce0&amp;apos;, time: &amp;apos;2018-08-02T20:19:58.91Z&amp;apos;
System info: host: &amp;apos;D-PROD-BP043912&amp;apos;, ip: &amp;apos;10.2.100.208&amp;apos;, os.name: &amp;apos;Windows 10&amp;apos;, os.arch: &amp;apos;amd64&amp;apos;, os.version: &amp;apos;10.0&amp;apos;, java.version: &amp;apos;1.8.0_172&amp;apos;
Driver info: org.openqa.selenium.chrome.ChromeDriver
Capabilities {acceptInsecureCerts: false, browserName: chrome, browserVersion: 75.0.3770.90, chrome: {chromedriverVersion: 75.0.3770.8 (681f24ea911fe7..., userDataDir: C:\Users\156802\AppData\Loc...}, goog:chromeOptions: {debuggerAddress: localhost:62954}, javascriptEnabled: true, networkConnectionEnabled: false, pageLoadStrategy: normal, platform: XP, platformName: XP, proxy: Proxy(), setWindowRect: true, strictFileInteractability: false, timeouts: {implicit: 0, pageLoad: 300000, script: 30000}, unhandledPromptBehavior: dismiss and notify}
Session ID: bfae3ec39752ed63e4c7fc1bcf3afe09
*** Element info: {Using=xpath, value=//*[@id=&amp;quot;app&amp;quot;]/div[1]/div[3]/a/text()}">
      <![CDATA[org.openqa.selenium.NoSuchElementException: no such element: Unable to locate element: {"method":"xpath","selector":"//*[@id="app"]/div[1]/div[3]/a/text()"}
  (Session info: chrome=75.0.3770.90)
For documentation on this error, please visit: http://seleniumhq.org/exceptions/no_such_element.html
Build info: version: '3.14.0', revision: 'aacccce0', time: '2018-08-02T20:19:58.91Z'
System info: host: 'D-PROD-BP043912', ip: '10.2.100.208', os.name: 'Windows 10', os.arch: 'amd64', os.version: '10.0', java.version: '1.8.0_172'
Driver info: org.openqa.selenium.chrome.ChromeDriver
Capabilities {acceptInsecureCerts: false, browserName: chrome, browserVersion: 75.0.3770.90, chrome: {chromedriverVersion: 75.0.3770.8 (681f24ea911fe7..., userDataDir: C:\Users\156802\AppData\Loc...}, goog:chromeOptions: {debuggerAddress: localhost:62954}, javascriptEnabled: true, networkConnectionEnabled: false, pageLoadStrategy: normal, platform: XP, platformName: XP, proxy: Proxy(), setWindowRect: true, strictFileInteractability: false, timeouts: {implicit: 0, pageLoad: 300000, script: 30000}, unhandledPromptBehavior: dismiss and notify}
Session ID: bfae3ec39752ed63e4c7fc1bcf3afe09
*** Element info: {Using=xpath, value=//*[@id="app"]/div[1]/div[3]/a/text()}
at org.openqa.selenium.remote.http.W3CHttpResponseCodec.createException(W3CHttpResponseCodec.java:187)
at org.openqa.selenium.remote.http.W3CHttpResponseCodec.decode(W3CHttpResponseCodec.java:122)
at org.openqa.selenium.remote.http.W3CHttpResponseCodec.decode(W3CHttpResponseCodec.java:49)
at org.openqa.selenium.remote.HttpCommandExecutor.execute(HttpCommandExecutor.java:158)
at org.openqa.selenium.remote.service.DriverCommandExecutor.execute(DriverCommandExecutor.java:83)
at org.openqa.selenium.remote.RemoteWebDriver.execute(RemoteWebDriver.java:548)
at org.openqa.selenium.remote.RemoteWebDriver.findElement(RemoteWebDriver.java:322)
at org.openqa.selenium.remote.RemoteWebDriver.findElementByXPath(RemoteWebDriver.java:424)
at org.openqa.selenium.By$ByXPath.findElement(By.java:353)
at org.openqa.selenium.remote.RemoteWebDriver.findElement(RemoteWebDriver.java:314)
at prodesp.utils.Funcionalidades.elementoExiste(Funcionalidades.java:44)
at prodesp.pages.acesso.HomeLogadoPage.verificarBtPesqDoctos(HomeLogadoPage.java:18)
at prodesp.actions.acesso.LoginActions.LoginOk(LoginActions.java:28)
at prodesp.test.pesquisa.PesquisasNaoOkTest.pesquisasNaoOk(PesquisasNaoOkTest.java:37)
... Removed 34 stack frames]]>
    </failure>
  </testcase> <!-- pesquisasNaoOk -->
  <testcase name="pesquisasOk" time="0.0" classname="prodesp.test.pesquisa.PesquisasOkTest">
    <skipped/>
  </testcase> <!-- pesquisasOk -->
</testsuite> <!-- Surefire test -->
